[Thu Apr 25 23:26:21.211296 2024] [php:warn] [pid 15662] [client 127.0.0.1:46740] PHP Warning:  Undefined property: project\\control\\Main::$validateLoginField in /var/www/apex_soft/src/app/control/parent/Page.php on line 29, referer: http://apex_soft/main/view
[Thu Apr 25 23:26:21.211329 2024] [php:warn] [pid 15662] [client 127.0.0.1:46740] PHP Warning:  Undefined property: project\\control\\Main::$validatePasswordField in /var/www/apex_soft/src/app/control/parent/Page.php on line 29, referer: http://apex_soft/main/view
[Thu Apr 25 23:26:21.212018 2024] [php:error] [pid 15662] [client 127.0.0.1:46740] PHP Fatal error:  Uncaught mysqli_sql_exception: Access denied for user 'Users'@'172.19.0.1' (using password: YES) in /var/www/apex_soft/src/app/control/parent/Page.php:36\nStack trace:\n#0 /var/www/apex_soft/src/app/control/parent/Page.php(36): mysqli->__construct()\n#1 /var/www/apex_soft/src/app/core/Router.php(20): project\\control\\parent\\Page->registrate()\n#2 /var/www/apex_soft/src/index.php(13): project\\core\\Router->action()\n#3 {main}\n  thrown in /var/www/apex_soft/src/app/control/parent/Page.php on line 36, referer: http://apex_soft/main/view
[Thu Apr 25 23:26:59.742691 2024] [php:warn] [pid 15663] [client 127.0.0.1:50732] PHP Warning:  Undefined property: project\\control\\Main::$validateLoginField in /var/www/apex_soft/src/app/control/parent/Page.php on line 29, referer: http://apex_soft/main/view
[Thu Apr 25 23:27:58.558249 2024] [php:error] [pid 15663] [client 127.0.0.1:50732] PHP Fatal error:  Uncaught mysqli_sql_exception: Access denied for user 'Users'@'172.19.0.1' (using password: YES) in /var/www/apex_soft/src/app/control/parent/Page.php:36\nStack trace:\n#0 /var/www/apex_soft/src/app/control/parent/Page.php(36): mysqli->__construct()\n#1 /var/www/apex_soft/src/app/core/Router.php(20): project\\control\\parent\\Page->registrate()\n#2 /var/www/apex_soft/src/index.php(13): project\\core\\Router->action()\n#3 {main}\n  thrown in /var/www/apex_soft/src/app/control/parent/Page.php on line 36, referer: http://apex_soft/main/view
[Thu Apr 25 23:29:02.706838 2024] [php:error] [pid 15664] [client 127.0.0.1:46834] PHP Fatal error:  Uncaught mysqli_sql_exception: Access denied for user 'Users'@'172.19.0.1' (using password: YES) in /var/www/apex_soft/src/app/control/parent/Page.php:36\nStack trace:\n#0 /var/www/apex_soft/src/app/control/parent/Page.php(36): mysqli->__construct()\n#1 /var/www/apex_soft/src/app/core/Router.php(20): project\\control\\parent\\Page->registrate()\n#2 /var/www/apex_soft/src/index.php(13): project\\core\\Router->action()\n#3 {main}\n  thrown in /var/www/apex_soft/src/app/control/parent/Page.php on line 36, referer: http://apex_soft/main/view
[Thu Apr 25 23:29:19.811873 2024] [php:error] [pid 15665] [client 127.0.0.1:57456] PHP Fatal error:  Uncaught mysqli_sql_exception: Access denied for user 'Users'@'172.19.0.1' (using password: YES) in /var/www/apex_soft/src/app/control/parent/Page.php:36\nStack trace:\n#0 /var/www/apex_soft/src/app/control/parent/Page.php(36): mysqli->__construct()\n#1 /var/www/apex_soft/src/app/core/Router.php(20): project\\control\\parent\\Page->registrate()\n#2 /var/www/apex_soft/src/index.php(13): project\\core\\Router->action()\n#3 {main}\n  thrown in /var/www/apex_soft/src/app/control/parent/Page.php on line 36, referer: http://apex_soft/main/view
[Thu Apr 25 23:31:43.094312 2024] [php:error] [pid 923] [client 127.0.0.1:54394] PHP Fatal error:  Uncaught mysqli_sql_exception: Access denied for user 'Users'@'172.19.0.1' (using password: YES) in /var/www/apex_soft/src/app/control/parent/Page.php:37\nStack trace:\n#0 /var/www/apex_soft/src/app/control/parent/Page.php(37): mysqli->__construct()\n#1 /var/www/apex_soft/src/app/core/Router.php(20): project\\control\\parent\\Page->registrate()\n#2 /var/www/apex_soft/src/index.php(13): project\\core\\Router->action()\n#3 {main}\n  thrown in /var/www/apex_soft/src/app/control/parent/Page.php on line 37, referer: http://apex_soft/main/view
[Thu Apr 25 23:32:01.952148 2024] [php:error] [pid 926] [client 127.0.0.1:50500] PHP Fatal error:  Uncaught mysqli_sql_exception: Access denied for user 'Users'@'172.19.0.1' (using password: YES) in /var/www/apex_soft/src/app/control/parent/Page.php:37\nStack trace:\n#0 /var/www/apex_soft/src/app/control/parent/Page.php(37): mysqli->__construct()\n#1 /var/www/apex_soft/src/app/core/Router.php(20): project\\control\\parent\\Page->registrate()\n#2 /var/www/apex_soft/src/index.php(13): project\\core\\Router->action()\n#3 {main}\n  thrown in /var/www/apex_soft/src/app/control/parent/Page.php on line 37, referer: http://apex_soft/main/view
[Thu Apr 25 23:34:02.574243 2024] [php:error] [pid 4185] [client 127.0.0.1:42904] PHP Fatal error:  Uncaught mysqli_sql_exception: Access denied for user 'Users'@'172.19.0.1' (using password: YES) in /var/www/apex_soft/src/app/control/parent/Page.php:37\nStack trace:\n#0 /var/www/apex_soft/src/app/control/parent/Page.php(37): mysqli->__construct()\n#1 /var/www/apex_soft/src/app/core/Router.php(20): project\\control\\parent\\Page->registrate()\n#2 /var/www/apex_soft/src/index.php(13): project\\core\\Router->action()\n#3 {main}\n  thrown in /var/www/apex_soft/src/app/control/parent/Page.php on line 37, referer: http://apex_soft/main/view
[Thu Apr 25 23:36:56.450649 2024] [php:error] [pid 930] [client 127.0.0.1:58890] PHP Fatal error:  Uncaught mysqli_sql_exception: Table 'Users.users' doesn't exist in /var/www/apex_soft/src/app/control/parent/Page.php:122\nStack trace:\n#0 /var/www/apex_soft/src/app/control/parent/Page.php(122): mysqli->query()\n#1 /var/www/apex_soft/src/app/control/parent/Page.php(94): project\\control\\parent\\Page->createUsersDB()\n#2 /var/www/apex_soft/src/app/control/parent/Page.php(40): project\\control\\parent\\Page->init()\n#3 /var/www/apex_soft/src/app/core/Router.php(20): project\\control\\parent\\Page->registrate()\n#4 /var/www/apex_soft/src/index.php(13): project\\core\\Router->action()\n#5 {main}\n  thrown in /var/www/apex_soft/src/app/control/parent/Page.php on line 122, referer: http://apex_soft/main/view
[Thu Apr 25 23:37:49.094893 2024] [php:warn] [pid 924] [client 127.0.0.1:48188] PHP Warning:  Undefined variable $creation_time in /var/www/apex_soft/src/app/control/parent/Page.php on line 61, referer: http://apex_soft/main/view
[Fri Apr 26 00:24:17.353605 2024] [php:error] [pid 17261] [client 127.0.0.1:50166] PHP Fatal error:  Uncaught Error: Cannot access uninitialized non-nullable property project\\control\\parent\\Page::$name by reference in /var/www/apex_soft/src/app/control/parent/Page.php:69\nStack trace:\n#0 /var/www/apex_soft/src/app/core/Router.php(20): project\\control\\parent\\Page->registrate()\n#1 /var/www/apex_soft/src/index.php(13): project\\core\\Router->action()\n#2 {main}\n  thrown in /var/www/apex_soft/src/app/control/parent/Page.php on line 69, referer: http://apex_soft/main/view
[Fri Apr 26 00:25:30.272445 2024] [php:error] [pid 17262] [client 127.0.0.1:50052] PHP Fatal error:  Uncaught Error: Cannot access uninitialized non-nullable property project\\control\\parent\\Page::$name by reference in /var/www/apex_soft/src/app/control/parent/Page.php:69\nStack trace:\n#0 /var/www/apex_soft/src/app/core/Router.php(20): project\\control\\parent\\Page->registrate()\n#1 /var/www/apex_soft/src/index.php(13): project\\core\\Router->action()\n#2 {main}\n  thrown in /var/www/apex_soft/src/app/control/parent/Page.php on line 69, referer: http://apex_soft/main/view
[Fri Apr 26 19:34:18.611772 2024] [php:error] [pid 4363] [client 127.0.0.1:44884] PHP Fatal error:  Uncaught mysqli_sql_exception: Access denied for user 'root'@'172.19.0.1' (using password: YES) in /var/www/apex_soft/src/app/control/parent/Page.php:123\nStack trace:\n#0 /var/www/apex_soft/src/app/control/parent/Page.php(123): mysqli->__construct()\n#1 /var/www/apex_soft/src/app/control/parent/Page.php(43): project\\control\\parent\\Page->init()\n#2 /var/www/apex_soft/src/app/core/Router.php(20): project\\control\\parent\\Page->registrate()\n#3 /var/www/apex_soft/src/index.php(13): project\\core\\Router->action()\n#4 {main}\n  thrown in /var/www/apex_soft/src/app/control/parent/Page.php on line 123, referer: http://apex_soft/main/view
[Fri Apr 26 19:41:21.094997 2024] [php:error] [pid 4364] [client 127.0.0.1:46282] PHP Fatal error:  Uncaught Error: Typed property project\\control\\parent\\Page::$login must not be accessed before initialization in /var/www/apex_soft/src/app/control/parent/Page.php:249\nStack trace:\n#0 /var/www/apex_soft/src/app/control/parent/Page.php(83): project\\control\\parent\\Page->isExistentUser()\n#1 /var/www/apex_soft/src/app/core/Router.php(20): project\\control\\parent\\Page->login()\n#2 /var/www/apex_soft/src/index.php(13): project\\core\\Router->action()\n#3 {main}\n  thrown in /var/www/apex_soft/src/app/control/parent/Page.php on line 249, referer: http://apex_soft/main/view
[Fri Apr 26 19:45:48.928051 2024] [php:warn] [pid 7681] [client 127.0.0.1:44888] PHP Warning:  Undefined property: project\\control\\Main::$functions_for_fieldsValidation in /var/www/apex_soft/src/app/control/parent/Page.php on line 86, referer: http://apex_soft/main/view
[Fri Apr 26 19:45:48.928077 2024] [php:warn] [pid 7681] [client 127.0.0.1:44888] PHP Warning:  foreach() argument must be of type array|object, null given in /var/www/apex_soft/src/app/control/parent/Page.php on line 86, referer: http://apex_soft/main/view
[Fri Apr 26 19:45:48.928701 2024] [php:error] [pid 7681] [client 127.0.0.1:44888] PHP Fatal error:  Uncaught Error: Typed property project\\control\\parent\\Page::$login must not be accessed before initialization in /var/www/apex_soft/src/app/control/parent/Page.php:261\nStack trace:\n#0 /var/www/apex_soft/src/app/control/parent/Page.php(95): project\\control\\parent\\Page->isExistentUser()\n#1 /var/www/apex_soft/src/app/core/Router.php(20): project\\control\\parent\\Page->login()\n#2 /var/www/apex_soft/src/index.php(13): project\\core\\Router->action()\n#3 {main}\n  thrown in /var/www/apex_soft/src/app/control/parent/Page.php on line 261, referer: http://apex_soft/main/view
[Fri Apr 26 19:46:14.454182 2024] [php:warn] [pid 7682] [client 127.0.0.1:42016] PHP Warning:  Undefined array key "login" in /var/www/apex_soft/src/app/control/parent/Page.php on line 179, referer: http://apex_soft/main/view
[Fri Apr 26 19:46:14.454207 2024] [php:warn] [pid 7682] [client 127.0.0.1:42016] PHP Warning:  Undefined array key "login" in /var/www/apex_soft/src/app/control/parent/Page.php on line 195, referer: http://apex_soft/main/view
[Fri Apr 26 19:47:11.484745 2024] [php:error] [pid 4364] [client 127.0.0.1:40208] PHP Fatal error:  Uncaught Error: Typed property project\\control\\parent\\Page::$password_from_DB must not be accessed before initialization in /var/www/apex_soft/src/app/control/parent/Page.php:96\nStack trace:\n#0 /var/www/apex_soft/src/app/core/Router.php(20): project\\control\\parent\\Page->login()\n#1 /var/www/apex_soft/src/index.php(13): project\\core\\Router->action()\n#2 {main}\n  thrown in /var/www/apex_soft/src/app/control/parent/Page.php on line 96, referer: http://apex_soft/main/view
[Fri Apr 26 22:54:20.422335 2024] [php:error] [pid 985] [client 127.0.0.1:33344] PHP Fatal error:  Uncaught mysqli_sql_exception: No route to host in /var/www/apex_soft/src/app/control/parent/Page.php:124\nStack trace:\n#0 /var/www/apex_soft/src/app/control/parent/Page.php(124): mysqli->__construct()\n#1 /var/www/apex_soft/src/app/control/parent/Page.php(23): project\\control\\parent\\Page->isEnteredUser()\n#2 /var/www/apex_soft/src/app/control/Main.php(9): project\\control\\parent\\Page->constructor()\n#3 /var/www/apex_soft/src/app/core/Router.php(20): project\\control\\Main->__construct()\n#4 /var/www/apex_soft/src/index.php(13): project\\core\\Router->action()\n#5 {main}\n  thrown in /var/www/apex_soft/src/app/control/parent/Page.php on line 124, referer: http://apex_soft/main/view
[Sat Apr 27 01:47:49.017815 2024] [php:error] [pid 8338] [client 127.0.0.1:45610] PHP Fatal error:  Uncaught Error: Call to undefined method project\\control\\Main::() in /var/www/apex_soft/src/app/core/Router.php:20\nStack trace:\n#0 /var/www/apex_soft/src/index.php(13): project\\core\\Router->action()\n#1 {main}\n  thrown in /var/www/apex_soft/src/app/core/Router.php on line 20
[Sat Apr 27 02:31:24.187529 2024] [php:error] [pid 10600] [client 127.0.0.1:43820] PHP Fatal error:  Uncaught Error: Call to undefined method project\\control\\Main::() in /var/www/apex_soft/src/app/core/Router.php:20\nStack trace:\n#0 /var/www/apex_soft/src/index.php(13): project\\core\\Router->action()\n#1 {main}\n  thrown in /var/www/apex_soft/src/app/core/Router.php on line 20
[Sat Apr 27 19:03:56.723448 2024] [php:error] [pid 3450] [client 127.0.0.1:34584] PHP Fatal error:  Uncaught mysqli_sql_exception: No route to host in /var/www/apex_soft/src/app/control/parent/Page.php:127\nStack trace:\n#0 /var/www/apex_soft/src/app/control/parent/Page.php(127): mysqli->__construct()\n#1 /var/www/apex_soft/src/app/control/parent/Page.php(25): project\\control\\parent\\Page->isEnteredUser()\n#2 /var/www/apex_soft/src/app/control/Main.php(9): project\\control\\parent\\Page->constructor()\n#3 /var/www/apex_soft/src/app/core/Router.php(20): project\\control\\Main->__construct()\n#4 /var/www/apex_soft/src/index.php(13): project\\core\\Router->action()\n#5 {main}\n  thrown in /var/www/apex_soft/src/app/control/parent/Page.php on line 127, referer: http://apex_soft/main/view
[Tue Apr 30 18:46:19.302641 2024] [php:error] [pid 988] [client 127.0.0.1:48802] PHP Fatal error:  Uncaught mysqli_sql_exception: No route to host in /var/www/apex_soft/src/app/control/parent/Page.php:127\nStack trace:\n#0 /var/www/apex_soft/src/app/control/parent/Page.php(127): mysqli->__construct()\n#1 /var/www/apex_soft/src/app/control/parent/Page.php(25): project\\control\\parent\\Page->isEnteredUser()\n#2 /var/www/apex_soft/src/app/control/Main.php(9): project\\control\\parent\\Page->constructor()\n#3 /var/www/apex_soft/src/app/core/Router.php(20): project\\control\\Main->__construct()\n#4 /var/www/apex_soft/src/index.php(13): project\\core\\Router->action()\n#5 {main}\n  thrown in /var/www/apex_soft/src/app/control/parent/Page.php on line 127
[Tue Apr 30 18:46:22.406616 2024] [php:error] [pid 988] [client 127.0.0.1:48802] PHP Fatal error:  Uncaught mysqli_sql_exception: No route to host in /var/www/apex_soft/src/app/control/parent/Page.php:127\nStack trace:\n#0 /var/www/apex_soft/src/app/control/parent/Page.php(127): mysqli->__construct()\n#1 /var/www/apex_soft/src/app/control/parent/Page.php(25): project\\control\\parent\\Page->isEnteredUser()\n#2 /var/www/apex_soft/src/app/control/Main.php(9): project\\control\\parent\\Page->constructor()\n#3 /var/www/apex_soft/src/app/core/Router.php(20): project\\control\\Main->__construct()\n#4 /var/www/apex_soft/src/index.php(13): project\\core\\Router->action()\n#5 {main}\n  thrown in /var/www/apex_soft/src/app/control/parent/Page.php on line 127, referer: http://apex_soft/main/view
[Sat May 04 10:10:35.289033 2024] [php:error] [pid 4844] [client 127.0.0.1:52940] PHP Fatal error:  Class project\\control\\Main contains 1 abstract method and must therefore be declared abstract or implement the remaining methods (project\\control\\parent\\interfaces\\Auth::registration) in /var/www/apex_soft/src/app/control/Main.php on line 7
[Sat May 04 10:10:35.313183 2024] [php:error] [pid 4844] [client 127.0.0.1:52940] PHP Fatal error:  Class project\\control\\Main contains 1 abstract method and must therefore be declared abstract or implement the remaining methods (project\\control\\parent\\interfaces\\Auth::registration) in /var/www/apex_soft/src/app/control/Main.php on line 7, referer: http://apex_soft/main/view
[Sat May 04 10:11:14.735425 2024] [php:error] [pid 4845] [client 127.0.0.1:47488] PHP Fatal error:  Class project\\control\\Main contains 1 abstract method and must therefore be declared abstract or implement the remaining methods (project\\control\\parent\\interfaces\\Auth::registration) in /var/www/apex_soft/src/app/control/Main.php on line 7
[Sat May 04 10:11:14.753571 2024] [php:error] [pid 4845] [client 127.0.0.1:47488] PHP Fatal error:  Class project\\control\\Main contains 1 abstract method and must therefore be declared abstract or implement the remaining methods (project\\control\\parent\\interfaces\\Auth::registration) in /var/www/apex_soft/src/app/control/Main.php on line 7, referer: http://apex_soft/main/view
[Sat May 04 10:11:17.124258 2024] [php:error] [pid 4845] [client 127.0.0.1:47488] PHP Fatal error:  Class project\\control\\Main contains 1 abstract method and must therefore be declared abstract or implement the remaining methods (project\\control\\parent\\interfaces\\Auth::registration) in /var/www/apex_soft/src/app/control/Main.php on line 7
[Sat May 04 10:11:17.136488 2024] [php:error] [pid 4845] [client 127.0.0.1:47488] PHP Fatal error:  Class project\\control\\Main contains 1 abstract method and must therefore be declared abstract or implement the remaining methods (project\\control\\parent\\interfaces\\Auth::registration) in /var/www/apex_soft/src/app/control/Main.php on line 7, referer: http://apex_soft/main/view
[Sat May 04 10:11:17.354801 2024] [php:error] [pid 4845] [client 127.0.0.1:47488] PHP Fatal error:  Class project\\control\\Main contains 1 abstract method and must therefore be declared abstract or implement the remaining methods (project\\control\\parent\\interfaces\\Auth::registration) in /var/www/apex_soft/src/app/control/Main.php on line 7
[Sat May 04 10:11:17.366101 2024] [php:error] [pid 4845] [client 127.0.0.1:47488] PHP Fatal error:  Class project\\control\\Main contains 1 abstract method and must therefore be declared abstract or implement the remaining methods (project\\control\\parent\\interfaces\\Auth::registration) in /var/www/apex_soft/src/app/control/Main.php on line 7, referer: http://apex_soft/main/view
[Sat May 04 10:11:17.523977 2024] [php:error] [pid 4845] [client 127.0.0.1:47488] PHP Fatal error:  Class project\\control\\Main contains 1 abstract method and must therefore be declared abstract or implement the remaining methods (project\\control\\parent\\interfaces\\Auth::registration) in /var/www/apex_soft/src/app/control/Main.php on line 7
[Sat May 04 10:11:17.536368 2024] [php:error] [pid 4845] [client 127.0.0.1:47488] PHP Fatal error:  Class project\\control\\Main contains 1 abstract method and must therefore be declared abstract or implement the remaining methods (project\\control\\parent\\interfaces\\Auth::registration) in /var/www/apex_soft/src/app/control/Main.php on line 7, referer: http://apex_soft/main/view
[Sat May 04 10:11:17.649546 2024] [php:error] [pid 4845] [client 127.0.0.1:47488] PHP Fatal error:  Class project\\control\\Main contains 1 abstract method and must therefore be declared abstract or implement the remaining methods (project\\control\\parent\\interfaces\\Auth::registration) in /var/www/apex_soft/src/app/control/Main.php on line 7
[Sat May 04 10:11:17.661476 2024] [php:error] [pid 4845] [client 127.0.0.1:47488] PHP Fatal error:  Class project\\control\\Main contains 1 abstract method and must therefore be declared abstract or implement the remaining methods (project\\control\\parent\\interfaces\\Auth::registration) in /var/www/apex_soft/src/app/control/Main.php on line 7, referer: http://apex_soft/main/view
[Sat May 04 10:11:17.793705 2024] [php:error] [pid 4845] [client 127.0.0.1:47488] PHP Fatal error:  Class project\\control\\Main contains 1 abstract method and must therefore be declared abstract or implement the remaining methods (project\\control\\parent\\interfaces\\Auth::registration) in /var/www/apex_soft/src/app/control/Main.php on line 7
[Sat May 04 10:11:17.804589 2024] [php:error] [pid 4845] [client 127.0.0.1:47488] PHP Fatal error:  Class project\\control\\Main contains 1 abstract method and must therefore be declared abstract or implement the remaining methods (project\\control\\parent\\interfaces\\Auth::registration) in /var/www/apex_soft/src/app/control/Main.php on line 7, referer: http://apex_soft/main/view
[Sat May 04 10:11:44.260092 2024] [php:error] [pid 4846] [client 127.0.0.1:44548] PHP Fatal error:  Class project\\control\\Main contains 1 abstract method and must therefore be declared abstract or implement the remaining methods (project\\control\\parent\\interfaces\\Auth::registration) in /var/www/apex_soft/src/app/control/Main.php on line 7
[Sat May 04 10:11:44.275982 2024] [php:error] [pid 4846] [client 127.0.0.1:44548] PHP Fatal error:  Class project\\control\\Main contains 1 abstract method and must therefore be declared abstract or implement the remaining methods (project\\control\\parent\\interfaces\\Auth::registration) in /var/www/apex_soft/src/app/control/Main.php on line 7, referer: http://apex_soft/main/view
[Sat May 04 10:12:01.649433 2024] [php:error] [pid 926] [client 127.0.0.1:40520] PHP Fatal error:  Class project\\control\\Main contains 1 abstract method and must therefore be declared abstract or implement the remaining methods (project\\control\\parent\\interfaces\\Auth::registration) in /var/www/apex_soft/src/app/control/Main.php on line 7
[Sat May 04 10:12:01.661872 2024] [php:error] [pid 926] [client 127.0.0.1:40520] PHP Fatal error:  Class project\\control\\Main contains 1 abstract method and must therefore be declared abstract or implement the remaining methods (project\\control\\parent\\interfaces\\Auth::registration) in /var/www/apex_soft/src/app/control/Main.php on line 7, referer: http://apex_soft/main/view
[Sat May 04 10:12:44.400715 2024] [php:error] [pid 3949] [client 127.0.0.1:41454] PHP Fatal error:  Class project\\control\\Main contains 1 abstract method and must therefore be declared abstract or implement the remaining methods (project\\control\\parent\\interfaces\\Auth::registration) in /var/www/apex_soft/src/app/control/Main.php on line 7
[Sat May 04 10:12:44.422895 2024] [php:error] [pid 3949] [client 127.0.0.1:41454] PHP Fatal error:  Class project\\control\\Main contains 1 abstract method and must therefore be declared abstract or implement the remaining methods (project\\control\\parent\\interfaces\\Auth::registration) in /var/www/apex_soft/src/app/control/Main.php on line 7, referer: http://apex_soft/main/view
[Sat May 04 10:20:49.758359 2024] [php:error] [pid 922] [client 127.0.0.1:49648] PHP Fatal error:  Class project\\control\\Main contains 1 abstract method and must therefore be declared abstract or implement the remaining methods (project\\control\\parent\\interfaces\\Auth::registration) in /var/www/apex_soft/src/app/control/Main.php on line 7
[Sat May 04 10:20:49.771932 2024] [php:error] [pid 922] [client 127.0.0.1:49648] PHP Fatal error:  Class project\\control\\Main contains 1 abstract method and must therefore be declared abstract or implement the remaining methods (project\\control\\parent\\interfaces\\Auth::registration) in /var/www/apex_soft/src/app/control/Main.php on line 7, referer: http://apex_soft/main/view
[Sat May 04 10:26:19.718093 2024] [php:error] [pid 925] [client 127.0.0.1:55338] PHP Fatal error:  Class project\\control\\Main contains 1 abstract method and must therefore be declared abstract or implement the remaining methods (project\\control\\parent\\interfaces\\Auth::registration) in /var/www/apex_soft/src/app/control/Main.php on line 7
[Sat May 04 10:26:19.737642 2024] [php:error] [pid 925] [client 127.0.0.1:55338] PHP Fatal error:  Class project\\control\\Main contains 1 abstract method and must therefore be declared abstract or implement the remaining methods (project\\control\\parent\\interfaces\\Auth::registration) in /var/www/apex_soft/src/app/control/Main.php on line 7, referer: http://apex_soft/main/view
[Sat May 04 10:26:21.630694 2024] [php:error] [pid 925] [client 127.0.0.1:55338] PHP Fatal error:  Class project\\control\\Main contains 1 abstract method and must therefore be declared abstract or implement the remaining methods (project\\control\\parent\\interfaces\\Auth::registration) in /var/www/apex_soft/src/app/control/Main.php on line 7
[Sat May 04 10:26:21.642785 2024] [php:error] [pid 925] [client 127.0.0.1:55338] PHP Fatal error:  Class project\\control\\Main contains 1 abstract method and must therefore be declared abstract or implement the remaining methods (project\\control\\parent\\interfaces\\Auth::registration) in /var/www/apex_soft/src/app/control/Main.php on line 7, referer: http://apex_soft/main/view
[Sat May 04 10:40:35.520951 2024] [php:error] [pid 4845] [client 127.0.0.1:57678] PHP Fatal error:  Class project\\control\\Main contains 1 abstract method and must therefore be declared abstract or implement the remaining methods (project\\control\\parent\\interfaces\\Auth::registration) in /var/www/apex_soft/src/app/control/Main.php on line 7
[Sat May 04 10:40:35.540751 2024] [php:error] [pid 4845] [client 127.0.0.1:57678] PHP Fatal error:  Class project\\control\\Main contains 1 abstract method and must therefore be declared abstract or implement the remaining methods (project\\control\\parent\\interfaces\\Auth::registration) in /var/www/apex_soft/src/app/control/Main.php on line 7, referer: http://apex_soft/main/view
[Mon May 06 15:28:25.347997 2024] [php:error] [pid 984] [client 127.0.0.1:46212] PHP Fatal error:  Uncaught mysqli_sql_exception: No route to host in /var/www/apex_soft/src/app/control/parent/Page.php:146\nStack trace:\n#0 /var/www/apex_soft/src/app/control/parent/Page.php(146): mysqli->__construct()\n#1 /var/www/apex_soft/src/app/control/parent/Page.php(28): project\\control\\parent\\Page->isEnteredUser()\n#2 /var/www/apex_soft/src/app/control/Main.php(9): project\\control\\parent\\Page->constructor()\n#3 /var/www/apex_soft/src/app/core/Router.php(20): project\\control\\Main->__construct()\n#4 /var/www/apex_soft/src/index.php(13): project\\core\\Router->action()\n#5 {main}\n  thrown in /var/www/apex_soft/src/app/control/parent/Page.php on line 146, referer: http://apex_soft/catalog/view
[Mon May 06 17:10:45.674047 2024] [php:error] [pid 986] [client 127.0.0.1:50622] PHP Fatal error:  Uncaught Error: Interface "project\\control\\iCatalog" not found in /var/www/apex_soft/src/app/control/Catalog.php:9\nStack trace:\n#0 /var/www/apex_soft/vendor/composer/ClassLoader.php(576): include()\n#1 /var/www/apex_soft/vendor/composer/ClassLoader.php(427): Composer\\Autoload\\{closure}()\n#2 [internal function]: Composer\\Autoload\\ClassLoader->loadClass()\n#3 /var/www/apex_soft/src/app/core/Router.php(62): method_exists()\n#4 /var/www/apex_soft/src/app/core/Router.php(29): project\\core\\Router->getMethod()\n#5 /var/www/apex_soft/src/app/core/Router.php(12): project\\core\\Router->getRequestElements()\n#6 /var/www/apex_soft/src/index.php(21): project\\core\\Router->__construct()\n#7 {main}\n  thrown in /var/www/apex_soft/src/app/control/Catalog.php on line 9
[Mon May 06 17:22:02.549179 2024] [php:error] [pid 11423] [client 127.0.0.1:34228] PHP Fatal error:  Uncaught Error: Undefined constant project\\model\\enum\\Regex::product_name in /var/www/apex_soft/src/app/model/Products.php:84\nStack trace:\n#0 /var/www/apex_soft/src/app/model/Products.php(33): project\\model\\Products->validateProductName()\n#1 /var/www/apex_soft/src/app/control/Catalog.php(22): project\\model\\Products->createProduct()\n#2 /var/www/apex_soft/src/app/core/Router.php(20): project\\control\\Catalog->createProduct()\n#3 /var/www/apex_soft/src/index.php(22): project\\core\\Router->action()\n#4 {main}\n  thrown in /var/www/apex_soft/src/app/model/Products.php on line 84, referer: http://apex_soft/catalog/view
[Mon May 06 17:22:34.752214 2024] [php:error] [pid 11424] [client 127.0.0.1:55940] PHP Fatal error:  Uncaught ArgumentCountError: Too few arguments to function project\\model\\Products::getProductID(), 0 passed in /var/www/apex_soft/src/app/model/Products.php on line 205 and exactly 1 expected in /var/www/apex_soft/src/app/model/Products.php:221\nStack trace:\n#0 /var/www/apex_soft/src/app/model/Products.php(205): project\\model\\Products->getProductID()\n#1 /var/www/apex_soft/src/app/model/Products.php(47): project\\model\\Products->saveGotImageToFilesystem()\n#2 /var/www/apex_soft/src/app/control/Catalog.php(22): project\\model\\Products->createProduct()\n#3 /var/www/apex_soft/src/app/core/Router.php(20): project\\control\\Catalog->createProduct()\n#4 /var/www/apex_soft/src/index.php(22): project\\core\\Router->action()\n#5 {main}\n  thrown in /var/www/apex_soft/src/app/model/Products.php on line 221, referer: http://apex_soft/catalog/view
[Tue May 07 11:46:42.489126 2024] [php:error] [pid 966] [client 127.0.0.1:45370] PHP Fatal error:  Uncaught mysqli_sql_exception: No route to host in /var/www/apex_soft/src/app/control/parent/Page.php:146\nStack trace:\n#0 /var/www/apex_soft/src/app/control/parent/Page.php(146): mysqli->__construct()\n#1 /var/www/apex_soft/src/app/control/parent/Page.php(28): project\\control\\parent\\Page->isEnteredUser()\n#2 /var/www/apex_soft/src/app/control/Main.php(9): project\\control\\parent\\Page->constructor()\n#3 /var/www/apex_soft/src/app/core/Router.php(20): project\\control\\Main->__construct()\n#4 /var/www/apex_soft/src/index.php(22): project\\core\\Router->action()\n#5 {main}\n  thrown in /var/www/apex_soft/src/app/control/parent/Page.php on line 146, referer: http://apex_soft/product/view
[Tue May 07 12:03:18.168068 2024] [php:error] [pid 3281] [client 127.0.0.1:55112] PHP Fatal error:  Uncaught mysqli_sql_exception: No route to host in /var/www/apex_soft/src/app/control/parent/Page.php:146\nStack trace:\n#0 /var/www/apex_soft/src/app/control/parent/Page.php(146): mysqli->__construct()\n#1 /var/www/apex_soft/src/app/control/parent/Page.php(28): project\\control\\parent\\Page->isEnteredUser()\n#2 /var/www/apex_soft/src/app/control/Catalog.php(14): project\\control\\parent\\Page->constructor()\n#3 /var/www/apex_soft/src/app/core/Router.php(20): project\\control\\Catalog->__construct()\n#4 /var/www/apex_soft/src/index.php(22): project\\core\\Router->action()\n#5 {main}\n  thrown in /var/www/apex_soft/src/app/control/parent/Page.php on line 146, referer: http://apex_soft/product/view
[Tue May 07 12:03:18.168063 2024] [php:error] [pid 969] [client 127.0.0.1:55108] PHP Fatal error:  Uncaught mysqli_sql_exception: No route to host in /var/www/apex_soft/src/app/control/parent/Page.php:146\nStack trace:\n#0 /var/www/apex_soft/src/app/control/parent/Page.php(146): mysqli->__construct()\n#1 /var/www/apex_soft/src/app/control/parent/Page.php(28): project\\control\\parent\\Page->isEnteredUser()\n#2 /var/www/apex_soft/src/app/control/Catalog.php(14): project\\control\\parent\\Page->constructor()\n#3 /var/www/apex_soft/src/app/core/Router.php(20): project\\control\\Catalog->__construct()\n#4 /var/www/apex_soft/src/index.php(22): project\\core\\Router->action()\n#5 {main}\n  thrown in /var/www/apex_soft/src/app/control/parent/Page.php on line 146, referer: http://apex_soft/product/view
[Tue May 07 12:03:21.240045 2024] [php:error] [pid 3281] [client 127.0.0.1:55112] PHP Fatal error:  Uncaught mysqli_sql_exception: No route to host in /var/www/apex_soft/src/app/control/parent/Page.php:146\nStack trace:\n#0 /var/www/apex_soft/src/app/control/parent/Page.php(146): mysqli->__construct()\n#1 /var/www/apex_soft/src/app/control/parent/Page.php(28): project\\control\\parent\\Page->isEnteredUser()\n#2 /var/www/apex_soft/src/app/control/Main.php(9): project\\control\\parent\\Page->constructor()\n#3 /var/www/apex_soft/src/app/core/Router.php(20): project\\control\\Main->__construct()\n#4 /var/www/apex_soft/src/index.php(22): project\\core\\Router->action()\n#5 {main}\n  thrown in /var/www/apex_soft/src/app/control/parent/Page.php on line 146, referer: http://apex_soft/catalog/view
[Wed May 08 05:42:12.445586 2024] [php:error] [pid 3809] [client 127.0.0.1:38446] PHP Fatal error:  Uncaught mysqli_sql_exception: No route to host in /var/www/apex_soft/src/app/control/parent/Page.php:146\nStack trace:\n#0 /var/www/apex_soft/src/app/control/parent/Page.php(146): mysqli->__construct()\n#1 /var/www/apex_soft/src/app/control/parent/Page.php(28): project\\control\\parent\\Page->isEnteredUser()\n#2 /var/www/apex_soft/src/app/control/Main.php(9): project\\control\\parent\\Page->constructor()\n#3 /var/www/apex_soft/src/app/core/Router.php(20): project\\control\\Main->__construct()\n#4 /var/www/apex_soft/src/index.php(22): project\\core\\Router->action()\n#5 {main}\n  thrown in /var/www/apex_soft/src/app/control/parent/Page.php on line 146, referer: http://apex_soft/product/view
[Wed May 08 05:46:38.365833 2024] [php:error] [pid 1029] [client 127.0.0.1:44324] PHP Fatal error:  Uncaught mysqli_sql_exception: No route to host in /var/www/apex_soft/src/app/control/parent/Page.php:146\nStack trace:\n#0 /var/www/apex_soft/src/app/control/parent/Page.php(146): mysqli->__construct()\n#1 /var/www/apex_soft/src/app/control/parent/Page.php(28): project\\control\\parent\\Page->isEnteredUser()\n#2 /var/www/apex_soft/src/app/control/Product.php(10): project\\control\\parent\\Page->constructor()\n#3 /var/www/apex_soft/src/app/core/Router.php(20): project\\control\\Product->__construct()\n#4 /var/www/apex_soft/src/index.php(22): project\\core\\Router->action()\n#5 {main}\n  thrown in /var/www/apex_soft/src/app/control/parent/Page.php on line 146
[Wed May 08 05:46:41.437549 2024] [php:error] [pid 1029] [client 127.0.0.1:44324] PHP Fatal error:  Uncaught mysqli_sql_exception: No route to host in /var/www/apex_soft/src/app/control/parent/Page.php:146\nStack trace:\n#0 /var/www/apex_soft/src/app/control/parent/Page.php(146): mysqli->__construct()\n#1 /var/www/apex_soft/src/app/control/parent/Page.php(28): project\\control\\parent\\Page->isEnteredUser()\n#2 /var/www/apex_soft/src/app/control/Main.php(9): project\\control\\parent\\Page->constructor()\n#3 /var/www/apex_soft/src/app/core/Router.php(20): project\\control\\Main->__construct()\n#4 /var/www/apex_soft/src/index.php(22): project\\core\\Router->action()\n#5 {main}\n  thrown in /var/www/apex_soft/src/app/control/parent/Page.php on line 146, referer: http://apex_soft/product/view
[Wed May 08 05:46:41.437599 2024] [php:error] [pid 1025] [client 127.0.0.1:44330] PHP Fatal error:  Uncaught mysqli_sql_exception: No route to host in /var/www/apex_soft/src/app/control/parent/Page.php:146\nStack trace:\n#0 /var/www/apex_soft/src/app/control/parent/Page.php(146): mysqli->__construct()\n#1 /var/www/apex_soft/src/app/control/parent/Page.php(28): project\\control\\parent\\Page->isEnteredUser()\n#2 /var/www/apex_soft/src/app/control/Product.php(10): project\\control\\parent\\Page->constructor()\n#3 /var/www/apex_soft/src/app/core/Router.php(20): project\\control\\Product->__construct()\n#4 /var/www/apex_soft/src/index.php(22): project\\core\\Router->action()\n#5 {main}\n  thrown in /var/www/apex_soft/src/app/control/parent/Page.php on line 146
[Wed May 08 05:46:44.509712 2024] [php:error] [pid 1025] [client 127.0.0.1:44330] PHP Fatal error:  Uncaught mysqli_sql_exception: No route to host in /var/www/apex_soft/src/app/control/parent/Page.php:146\nStack trace:\n#0 /var/www/apex_soft/src/app/control/parent/Page.php(146): mysqli->__construct()\n#1 /var/www/apex_soft/src/app/control/parent/Page.php(28): project\\control\\parent\\Page->isEnteredUser()\n#2 /var/www/apex_soft/src/app/control/Main.php(9): project\\control\\parent\\Page->constructor()\n#3 /var/www/apex_soft/src/app/core/Router.php(20): project\\control\\Main->__construct()\n#4 /var/www/apex_soft/src/index.php(22): project\\core\\Router->action()\n#5 {main}\n  thrown in /var/www/apex_soft/src/app/control/parent/Page.php on line 146, referer: http://apex_soft/product/view
[Wed May 08 08:23:41.104353 2024] [php:error] [pid 8594] [client 127.0.0.1:37750] PHP Fatal error:  Uncaught Error: Class "project\\control\\Products" not found in /var/www/apex_soft/src/app/control/Product.php:18\nStack trace:\n#0 /var/www/apex_soft/src/app/core/Router.php(20): project\\control\\Product->createProduct()\n#1 /var/www/apex_soft/src/index.php(22): project\\core\\Router->action()\n#2 {main}\n  thrown in /var/www/apex_soft/src/app/control/Product.php on line 18, referer: http://apex_soft/product/view
[Wed May 08 08:45:27.729014 2024] [php:error] [pid 9294] [client 127.0.0.1:43770] PHP Fatal error:  Uncaught ErrorException: preg_match(): Unknown modifier '/' in /var/www/apex_soft/src/app/model/Product.php:121\nStack trace:\n#0 [internal function]: project\\{closure}()\n#1 /var/www/apex_soft/src/app/model/Product.php(121): preg_match()\n#2 /var/www/apex_soft/src/app/model/Product.php(31): project\\model\\Product->validateProductName()\n#3 /var/www/apex_soft/src/app/control/Product.php(20): project\\model\\Product->createProduct()\n#4 /var/www/apex_soft/src/app/core/Router.php(20): project\\control\\Product->createProduct()\n#5 /var/www/apex_soft/src/index.php(22): project\\core\\Router->action()\n#6 {main}\n  thrown in /var/www/apex_soft/src/app/model/Product.php on line 121, referer: http://apex_soft/product/view
[Wed May 08 09:48:25.013441 2024] [php:error] [pid 9351] [client 127.0.0.1:36276] PHP Fatal error:  Uncaught ErrorException: Undefined variable $product in /var/www/apex_soft/src/app/view/pages/product.php:37\nStack trace:\n#0 /var/www/apex_soft/src/app/view/pages/product.php(37): project\\{closure}()\n#1 /var/www/apex_soft/src/app/control/traits/View.php(9): require_once('...')\n#2 /var/www/apex_soft/src/app/core/Router.php(20): project\\control\\Product->view()\n#3 /var/www/apex_soft/src/index.php(22): project\\core\\Router->action()\n#4 {main}\n  thrown in /var/www/apex_soft/src/app/view/pages/product.php on line 37, referer: http://apex_soft/catalog/view
[Wed May 08 09:50:25.450146 2024] [php:error] [pid 9294] [client 127.0.0.1:44548] PHP Fatal error:  Uncaught ErrorException: Undefined variable $product in /var/www/apex_soft/src/app/view/pages/product.php:37\nStack trace:\n#0 /var/www/apex_soft/src/app/view/pages/product.php(37): project\\{closure}()\n#1 /var/www/apex_soft/src/app/control/traits/View.php(9): require_once('...')\n#2 /var/www/apex_soft/src/app/core/Router.php(20): project\\control\\Product->view()\n#3 /var/www/apex_soft/src/index.php(22): project\\core\\Router->action()\n#4 {main}\n  thrown in /var/www/apex_soft/src/app/view/pages/product.php on line 37, referer: http://apex_soft/catalog/view
[Wed May 08 09:50:27.293881 2024] [php:error] [pid 9294] [client 127.0.0.1:44548] PHP Fatal error:  Uncaught ErrorException: Undefined variable $product in /var/www/apex_soft/src/app/view/pages/product.php:37\nStack trace:\n#0 /var/www/apex_soft/src/app/view/pages/product.php(37): project\\{closure}()\n#1 /var/www/apex_soft/src/app/control/traits/View.php(9): require_once('...')\n#2 /var/www/apex_soft/src/app/core/Router.php(20): project\\control\\Product->view()\n#3 /var/www/apex_soft/src/index.php(22): project\\core\\Router->action()\n#4 {main}\n  thrown in /var/www/apex_soft/src/app/view/pages/product.php on line 37, referer: http://apex_soft/catalog/view
[Wed May 08 09:50:27.459799 2024] [php:error] [pid 9294] [client 127.0.0.1:44548] PHP Fatal error:  Uncaught ErrorException: Undefined variable $product in /var/www/apex_soft/src/app/view/pages/product.php:37\nStack trace:\n#0 /var/www/apex_soft/src/app/view/pages/product.php(37): project\\{closure}()\n#1 /var/www/apex_soft/src/app/control/traits/View.php(9): require_once('...')\n#2 /var/www/apex_soft/src/app/core/Router.php(20): project\\control\\Product->view()\n#3 /var/www/apex_soft/src/index.php(22): project\\core\\Router->action()\n#4 {main}\n  thrown in /var/www/apex_soft/src/app/view/pages/product.php on line 37, referer: http://apex_soft/catalog/view
[Wed May 08 09:50:27.635253 2024] [php:error] [pid 9294] [client 127.0.0.1:44548] PHP Fatal error:  Uncaught ErrorException: Undefined variable $product in /var/www/apex_soft/src/app/view/pages/product.php:37\nStack trace:\n#0 /var/www/apex_soft/src/app/view/pages/product.php(37): project\\{closure}()\n#1 /var/www/apex_soft/src/app/control/traits/View.php(9): require_once('...')\n#2 /var/www/apex_soft/src/app/core/Router.php(20): project\\control\\Product->view()\n#3 /var/www/apex_soft/src/index.php(22): project\\core\\Router->action()\n#4 {main}\n  thrown in /var/www/apex_soft/src/app/view/pages/product.php on line 37, referer: http://apex_soft/catalog/view
[Wed May 08 09:50:57.839646 2024] [php:error] [pid 13248] [client 127.0.0.1:44550] PHP Fatal error:  Uncaught ErrorException: Undefined array key "product_id" in /var/www/apex_soft/src/app/control/Product.php:16\nStack trace:\n#0 /var/www/apex_soft/src/app/control/Product.php(16): project\\{closure}()\n#1 /var/www/apex_soft/src/app/core/Router.php(20): project\\control\\Product->view()\n#2 /var/www/apex_soft/src/index.php(22): project\\core\\Router->action()\n#3 {main}\n  thrown in /var/www/apex_soft/src/app/control/Product.php on line 16, referer: http://apex_soft/catalog/view
[Wed May 08 09:51:20.346878 2024] [php:error] [pid 13401] [client 127.0.0.1:37866] PHP Fatal error:  Uncaught ErrorException: Undefined array key "product_id" in /var/www/apex_soft/src/app/control/Product.php:16\nStack trace:\n#0 /var/www/apex_soft/src/app/control/Product.php(16): project\\{closure}()\n#1 /var/www/apex_soft/src/app/core/Router.php(20): project\\control\\Product->view()\n#2 /var/www/apex_soft/src/index.php(22): project\\core\\Router->action()\n#3 {main}\n  thrown in /var/www/apex_soft/src/app/control/Product.php on line 16, referer: http://apex_soft/catalog/view
[Wed May 08 09:51:55.016756 2024] [php:error] [pid 8374] [client 127.0.0.1:48998] PHP Fatal error:  Uncaught ErrorException: require_once(/var/www/apex_soft/src/app/control/../../view/pages/product.php): Failed to open stream: No such file or directory in /var/www/apex_soft/src/app/control/Product.php:24\nStack trace:\n#0 /var/www/apex_soft/src/app/control/Product.php(24): project\\{closure}()\n#1 /var/www/apex_soft/src/app/control/Product.php(24): require_once()\n#2 /var/www/apex_soft/src/app/core/Router.php(20): project\\control\\Product->view()\n#3 /var/www/apex_soft/src/index.php(22): project\\core\\Router->action()\n#4 {main}\n  thrown in /var/www/apex_soft/src/app/control/Product.php on line 24, referer: http://apex_soft/catalog/view
[Wed May 08 09:52:55.841714 2024] [php:error] [pid 9351] [client 127.0.0.1:59482] PHP Fatal error:  Uncaught ErrorException: Undefined variable $product in /var/www/apex_soft/src/app/view/pages/product.php:37\nStack trace:\n#0 /var/www/apex_soft/src/app/view/pages/product.php(37): project\\{closure}()\n#1 /var/www/apex_soft/src/app/control/Product.php(24): require_once('...')\n#2 /var/www/apex_soft/src/app/core/Router.php(20): project\\control\\Product->view()\n#3 /var/www/apex_soft/src/index.php(22): project\\core\\Router->action()\n#4 {main}\n  thrown in /var/www/apex_soft/src/app/view/pages/product.php on line 37, referer: http://apex_soft/catalog/view
[Wed May 08 09:53:10.138437 2024] [php:error] [pid 13246] [client 127.0.0.1:59496] PHP Fatal error:  Uncaught ErrorException: Undefined variable $product in /var/www/apex_soft/src/app/view/pages/product.php:37\nStack trace:\n#0 /var/www/apex_soft/src/app/view/pages/product.php(37): project\\{closure}()\n#1 /var/www/apex_soft/src/app/control/Product.php(24): require_once('...')\n#2 /var/www/apex_soft/src/app/core/Router.php(20): project\\control\\Product->view()\n#3 /var/www/apex_soft/src/index.php(22): project\\core\\Router->action()\n#4 {main}\n  thrown in /var/www/apex_soft/src/app/view/pages/product.php on line 37, referer: http://apex_soft/catalog/view
[Wed May 08 09:55:44.202697 2024] [php:error] [pid 13320] [client 127.0.0.1:51206] PHP Fatal error:  Uncaught Error: Call to undefined method project\\control\\Product::getProduct() in /var/www/apex_soft/src/app/control/Product.php:19\nStack trace:\n#0 /var/www/apex_soft/src/app/core/Router.php(20): project\\control\\Product->view()\n#1 /var/www/apex_soft/src/index.php(22): project\\core\\Router->action()\n#2 {main}\n  thrown in /var/www/apex_soft/src/app/control/Product.php on line 19, referer: http://apex_soft/catalog/view
[Wed May 08 09:56:11.161736 2024] [php:error] [pid 9003] [client 127.0.0.1:51218] PHP Fatal error:  Declaration of project\\model\\Product::getProduct(int $product_id): void must be compatible with project\\model\\interfaces\\iProduct::getProduct(): void in /var/www/apex_soft/src/app/model/Product.php on line 76, referer: http://apex_soft/catalog/view
[Wed May 08 09:56:45.156432 2024] [php:error] [pid 9294] [client 127.0.0.1:56640] PHP Fatal error:  Uncaught Error: Typed property project\\model\\Product::$ID must not be accessed before initialization in /var/www/apex_soft/src/app/view/pages/product.php:37\nStack trace:\n#0 /var/www/apex_soft/src/app/control/Product.php(24): require_once()\n#1 /var/www/apex_soft/src/app/core/Router.php(20): project\\control\\Product->view()\n#2 /var/www/apex_soft/src/index.php(22): project\\core\\Router->action()\n#3 {main}\n  thrown in /var/www/apex_soft/src/app/view/pages/product.php on line 37, referer: http://apex_soft/catalog/view
[Wed May 08 09:57:17.025852 2024] [php:error] [pid 13248] [client 127.0.0.1:56444] PHP Fatal error:  Uncaught Error: Typed property project\\model\\Product::$ID must not be accessed before initialization in /var/www/apex_soft/src/app/view/pages/product.php:37\nStack trace:\n#0 /var/www/apex_soft/src/app/control/Product.php(24): require_once()\n#1 /var/www/apex_soft/src/app/core/Router.php(20): project\\control\\Product->view()\n#2 /var/www/apex_soft/src/index.php(22): project\\core\\Router->action()\n#3 {main}\n  thrown in /var/www/apex_soft/src/app/view/pages/product.php on line 37, referer: http://apex_soft/catalog/view
[Wed May 08 09:58:20.771598 2024] [php:error] [pid 13401] [client 127.0.0.1:50764] PHP Fatal error:  Uncaught Error: Typed property project\\model\\Product::$ID must not be accessed before initialization in /var/www/apex_soft/src/app/view/pages/product.php:37\nStack trace:\n#0 /var/www/apex_soft/src/app/control/Product.php(24): require_once()\n#1 /var/www/apex_soft/src/app/core/Router.php(20): project\\control\\Product->view()\n#2 /var/www/apex_soft/src/index.php(22): project\\core\\Router->action()\n#3 {main}\n  thrown in /var/www/apex_soft/src/app/view/pages/product.php on line 37, referer: http://apex_soft/catalog/view
[Wed May 08 10:00:54.132843 2024] [php:error] [pid 9351] [client 127.0.0.1:55928] PHP Fatal error:  Uncaught ErrorException: Undefined variable $product in /var/www/apex_soft/src/app/view/pages/product.php:37\nStack trace:\n#0 /var/www/apex_soft/src/app/view/pages/product.php(37): project\\{closure}()\n#1 /var/www/apex_soft/src/app/control/Product.php(24): require_once('...')\n#2 /var/www/apex_soft/src/app/core/Router.php(20): project\\control\\Product->view()\n#3 /var/www/apex_soft/src/index.php(22): project\\core\\Router->action()\n#4 {main}\n  thrown in /var/www/apex_soft/src/app/view/pages/product.php on line 37, referer: http://apex_soft/catalog/view
[Wed May 08 10:23:00.486387 2024] [php:error] [pid 13401] [client 127.0.0.1:58184] PHP Fatal error:  Uncaught Error: Typed property project\\model\\Product::$name must not be accessed before initialization in /var/www/apex_soft/src/app/view/pages/product.php:30\nStack trace:\n#0 /var/www/apex_soft/src/app/control/Product.php(24): require_once()\n#1 /var/www/apex_soft/src/app/core/Router.php(20): project\\control\\Product->view()\n#2 /var/www/apex_soft/src/index.php(22): project\\core\\Router->action()\n#3 {main}\n  thrown in /var/www/apex_soft/src/app/view/pages/product.php on line 30
[Wed May 08 10:43:21.976662 2024] [php:error] [pid 15574] [client 127.0.0.1:37284] PHP Fatal error:  Uncaught Error: Typed property project\\model\\Product::$name must not be accessed before initialization in /var/www/apex_soft/src/app/view/pages/product.php:30\nStack trace:\n#0 /var/www/apex_soft/src/app/control/Product.php(24): require_once()\n#1 /var/www/apex_soft/src/app/core/Router.php(20): project\\control\\Product->view()\n#2 /var/www/apex_soft/src/index.php(22): project\\core\\Router->action()\n#3 {main}\n  thrown in /var/www/apex_soft/src/app/view/pages/product.php on line 30
[Wed May 08 10:49:08.642189 2024] [php:error] [pid 8424] [client 127.0.0.1:41826] PHP Fatal error:  Uncaught Error: Typed property project\\model\\Product::$name must not be accessed before initialization in /var/www/apex_soft/src/app/view/pages/product.php:30\nStack trace:\n#0 /var/www/apex_soft/src/app/control/Product.php(24): require_once()\n#1 /var/www/apex_soft/src/app/core/Router.php(20): project\\control\\Product->view()\n#2 /var/www/apex_soft/src/index.php(22): project\\core\\Router->action()\n#3 {main}\n  thrown in /var/www/apex_soft/src/app/view/pages/product.php on line 30
[Wed May 08 10:49:10.275210 2024] [php:error] [pid 13248] [client 127.0.0.1:41838] PHP Fatal error:  Uncaught Error: Typed property project\\model\\Product::$name must not be accessed before initialization in /var/www/apex_soft/src/app/view/pages/product.php:30\nStack trace:\n#0 /var/www/apex_soft/src/app/control/Product.php(24): require_once()\n#1 /var/www/apex_soft/src/app/core/Router.php(20): project\\control\\Product->view()\n#2 /var/www/apex_soft/src/index.php(22): project\\core\\Router->action()\n#3 {main}\n  thrown in /var/www/apex_soft/src/app/view/pages/product.php on line 30
[Wed May 08 10:49:10.472373 2024] [php:error] [pid 13248] [client 127.0.0.1:41838] PHP Fatal error:  Uncaught Error: Typed property project\\model\\Product::$name must not be accessed before initialization in /var/www/apex_soft/src/app/view/pages/product.php:30\nStack trace:\n#0 /var/www/apex_soft/src/app/control/Product.php(24): require_once()\n#1 /var/www/apex_soft/src/app/core/Router.php(20): project\\control\\Product->view()\n#2 /var/www/apex_soft/src/index.php(22): project\\core\\Router->action()\n#3 {main}\n  thrown in /var/www/apex_soft/src/app/view/pages/product.php on line 30
[Wed May 08 10:49:10.617008 2024] [php:error] [pid 13248] [client 127.0.0.1:41838] PHP Fatal error:  Uncaught Error: Typed property project\\model\\Product::$name must not be accessed before initialization in /var/www/apex_soft/src/app/view/pages/product.php:30\nStack trace:\n#0 /var/www/apex_soft/src/app/control/Product.php(24): require_once()\n#1 /var/www/apex_soft/src/app/core/Router.php(20): project\\control\\Product->view()\n#2 /var/www/apex_soft/src/index.php(22): project\\core\\Router->action()\n#3 {main}\n  thrown in /var/www/apex_soft/src/app/view/pages/product.php on line 30
[Wed May 08 10:50:36.408194 2024] [php:error] [pid 9003] [client 127.0.0.1:39978] PHP Fatal error:  Uncaught Error: Typed property project\\model\\Product::$name must not be accessed before initialization in /var/www/apex_soft/src/app/view/pages/product.php:30\nStack trace:\n#0 /var/www/apex_soft/src/app/control/Product.php(24): require_once()\n#1 /var/www/apex_soft/src/app/core/Router.php(20): project\\control\\Product->view()\n#2 /var/www/apex_soft/src/index.php(22): project\\core\\Router->action()\n#3 {main}\n  thrown in /var/www/apex_soft/src/app/view/pages/product.php on line 30
[Wed May 08 10:50:58.258321 2024] [php:error] [pid 13246] [client 127.0.0.1:41844] PHP Fatal error:  Uncaught Error: Typed property project\\model\\Product::$name must not be accessed before initialization in /var/www/apex_soft/src/app/view/pages/product.php:30\nStack trace:\n#0 /var/www/apex_soft/src/app/control/Product.php(24): require_once()\n#1 /var/www/apex_soft/src/app/core/Router.php(20): project\\control\\Product->view()\n#2 /var/www/apex_soft/src/index.php(22): project\\core\\Router->action()\n#3 {main}\n  thrown in /var/www/apex_soft/src/app/view/pages/product.php on line 30
[Wed May 08 10:51:36.005724 2024] [php:error] [pid 9167] [client 127.0.0.1:41848] PHP Fatal error:  Uncaught Error: Typed property project\\model\\Product::$type must not be accessed before initialization in /var/www/apex_soft/src/app/view/pages/product.php:39\nStack trace:\n#0 /var/www/apex_soft/src/app/control/Product.php(24): require_once()\n#1 /var/www/apex_soft/src/app/core/Router.php(20): project\\control\\Product->view()\n#2 /var/www/apex_soft/src/index.php(22): project\\core\\Router->action()\n#3 {main}\n  thrown in /var/www/apex_soft/src/app/view/pages/product.php on line 39
[Wed May 08 10:52:51.684387 2024] [php:error] [pid 9294] [client 127.0.0.1:39762] PHP Fatal error:  Uncaught Error: Typed property project\\model\\Product::$ID must not be accessed before initialization in /var/www/apex_soft/src/app/view/pages/product.php:55\nStack trace:\n#0 /var/www/apex_soft/src/app/control/Product.php(24): require_once()\n#1 /var/www/apex_soft/src/app/core/Router.php(20): project\\control\\Product->view()\n#2 /var/www/apex_soft/src/index.php(22): project\\core\\Router->action()\n#3 {main}\n  thrown in /var/www/apex_soft/src/app/view/pages/product.php on line 55
[Wed May 08 10:53:29.965683 2024] [php:error] [pid 9167] [client 127.0.0.1:40630] PHP Fatal error:  Uncaught Error: Typed property project\\model\\Product::$ID must not be accessed before initialization in /var/www/apex_soft/src/app/view/pages/product.php:55\nStack trace:\n#0 /var/www/apex_soft/src/app/control/Product.php(24): require_once()\n#1 /var/www/apex_soft/src/app/core/Router.php(20): project\\control\\Product->view()\n#2 /var/www/apex_soft/src/index.php(22): project\\core\\Router->action()\n#3 {main}\n  thrown in /var/www/apex_soft/src/app/view/pages/product.php on line 55
[Wed May 08 10:55:21.615431 2024] [php:error] [pid 9003] [client 127.0.0.1:47160] PHP Fatal error:  Uncaught ErrorException: Undefined array key "id" in /var/www/apex_soft/src/app/control/Product.php:16\nStack trace:\n#0 /var/www/apex_soft/src/app/control/Product.php(16): project\\{closure}()\n#1 /var/www/apex_soft/src/app/core/Router.php(20): project\\control\\Product->view()\n#2 /var/www/apex_soft/src/index.php(22): project\\core\\Router->action()\n#3 {main}\n  thrown in /var/www/apex_soft/src/app/control/Product.php on line 16
[Wed May 08 11:46:52.043121 2024] [php:error] [pid 16319] [client 127.0.0.1:54798] PHP Fatal error:  Uncaught Error: Cannot access private property project\\model\\Product::$imageName in /var/www/apex_soft/src/app/view/pages/product.php:57\nStack trace:\n#0 /var/www/apex_soft/src/app/control/Product.php(24): require_once()\n#1 /var/www/apex_soft/src/app/core/Router.php(20): project\\control\\Product->view()\n#2 /var/www/apex_soft/src/index.php(22): project\\core\\Router->action()\n#3 {main}\n  thrown in /var/www/apex_soft/src/app/view/pages/product.php on line 57
[Wed May 08 11:47:28.398703 2024] [php:error] [pid 13246] [client 127.0.0.1:45700] PHP Fatal error:  Uncaught Error: Cannot access private property project\\model\\Product::$imageName in /var/www/apex_soft/src/app/view/pages/product.php:57\nStack trace:\n#0 /var/www/apex_soft/src/app/control/Product.php(24): require_once()\n#1 /var/www/apex_soft/src/app/core/Router.php(20): project\\control\\Product->view()\n#2 /var/www/apex_soft/src/index.php(22): project\\core\\Router->action()\n#3 {main}\n  thrown in /var/www/apex_soft/src/app/view/pages/product.php on line 57
[Wed May 08 11:48:07.330494 2024] [php:error] [pid 9351] [client 127.0.0.1:45716] PHP Fatal error:  Uncaught Error: Cannot access private property project\\model\\Product::$imageName in /var/www/apex_soft/src/app/view/pages/product.php:57\nStack trace:\n#0 /var/www/apex_soft/src/app/control/Product.php(24): require_once()\n#1 /var/www/apex_soft/src/app/core/Router.php(20): project\\control\\Product->view()\n#2 /var/www/apex_soft/src/index.php(22): project\\core\\Router->action()\n#3 {main}\n  thrown in /var/www/apex_soft/src/app/view/pages/product.php on line 57
[Wed May 08 11:48:23.782131 2024] [php:error] [pid 9003] [client 127.0.0.1:43232] PHP Fatal error:  Uncaught Error: Cannot access private property project\\model\\Product::$imageName in /var/www/apex_soft/src/app/view/pages/product.php:57\nStack trace:\n#0 /var/www/apex_soft/src/app/control/Product.php(24): require_once()\n#1 /var/www/apex_soft/src/app/core/Router.php(20): project\\control\\Product->view()\n#2 /var/www/apex_soft/src/index.php(22): project\\core\\Router->action()\n#3 {main}\n  thrown in /var/www/apex_soft/src/app/view/pages/product.php on line 57
[Wed May 08 11:48:51.202879 2024] [php:error] [pid 8424] [client 127.0.0.1:60540] PHP Fatal error:  Uncaught Error: Cannot access private property project\\model\\Product::$imageName in /var/www/apex_soft/src/app/view/pages/product.php:57\nStack trace:\n#0 /var/www/apex_soft/src/app/control/Product.php(24): require_once()\n#1 /var/www/apex_soft/src/app/core/Router.php(20): project\\control\\Product->view()\n#2 /var/www/apex_soft/src/index.php(22): project\\core\\Router->action()\n#3 {main}\n  thrown in /var/www/apex_soft/src/app/view/pages/product.php on line 57
[Wed May 08 11:48:54.509713 2024] [php:error] [pid 8424] [client 127.0.0.1:60540] PHP Fatal error:  Uncaught Error: Cannot access private property project\\model\\Product::$imageName in /var/www/apex_soft/src/app/view/pages/product.php:57\nStack trace:\n#0 /var/www/apex_soft/src/app/control/Product.php(24): require_once()\n#1 /var/www/apex_soft/src/app/core/Router.php(20): project\\control\\Product->view()\n#2 /var/www/apex_soft/src/index.php(22): project\\core\\Router->action()\n#3 {main}\n  thrown in /var/www/apex_soft/src/app/view/pages/product.php on line 57
[Wed May 08 11:49:43.511273 2024] [php:error] [pid 16462] [client 127.0.0.1:40692] PHP Fatal error:  Uncaught Error: Cannot access private property project\\model\\Product::$imageName in /var/www/apex_soft/src/app/view/pages/product.php:57\nStack trace:\n#0 /var/www/apex_soft/src/app/control/Product.php(24): require_once()\n#1 /var/www/apex_soft/src/app/core/Router.php(20): project\\control\\Product->view()\n#2 /var/www/apex_soft/src/index.php(22): project\\core\\Router->action()\n#3 {main}\n  thrown in /var/www/apex_soft/src/app/view/pages/product.php on line 57
[Wed May 08 11:50:50.240485 2024] [php:error] [pid 13401] [client 127.0.0.1:40708] PHP Fatal error:  Uncaught Error: Cannot access private property project\\model\\Product::$imageName in /var/www/apex_soft/src/app/view/pages/product.php:57\nStack trace:\n#0 /var/www/apex_soft/src/app/control/Product.php(24): require_once()\n#1 /var/www/apex_soft/src/app/core/Router.php(20): project\\control\\Product->view()\n#2 /var/www/apex_soft/src/index.php(22): project\\core\\Router->action()\n#3 {main}\n  thrown in /var/www/apex_soft/src/app/view/pages/product.php on line 57
[Wed May 08 11:54:37.001141 2024] [php:error] [pid 9003] [client 127.0.0.1:42874] PHP Fatal error:  Uncaught ErrorException: Undefined variable $project in /var/www/apex_soft/src/app/view/pages/product.php:57\nStack trace:\n#0 /var/www/apex_soft/src/app/view/pages/product.php(57): project\\{closure}()\n#1 /var/www/apex_soft/src/app/control/Product.php(24): require_once('...')\n#2 /var/www/apex_soft/src/app/core/Router.php(20): project\\control\\Product->view()\n#3 /var/www/apex_soft/src/index.php(22): project\\core\\Router->action()\n#4 {main}\n  thrown in /var/www/apex_soft/src/app/view/pages/product.php on line 57
[Wed May 08 11:54:38.286555 2024] [php:error] [pid 9003] [client 127.0.0.1:42874] PHP Fatal error:  Uncaught ErrorException: Undefined variable $project in /var/www/apex_soft/src/app/view/pages/product.php:57\nStack trace:\n#0 /var/www/apex_soft/src/app/view/pages/product.php(57): project\\{closure}()\n#1 /var/www/apex_soft/src/app/control/Product.php(24): require_once('...')\n#2 /var/www/apex_soft/src/app/core/Router.php(20): project\\control\\Product->view()\n#3 /var/www/apex_soft/src/index.php(22): project\\core\\Router->action()\n#4 {main}\n  thrown in /var/www/apex_soft/src/app/view/pages/product.php on line 57
[Wed May 08 11:54:46.680562 2024] [php:error] [pid 8424] [client 127.0.0.1:42890] PHP Fatal error:  Uncaught Error: Cannot access private property project\\model\\Product::$imageName in /var/www/apex_soft/src/app/view/pages/product.php:57\nStack trace:\n#0 /var/www/apex_soft/src/app/control/Product.php(24): require_once()\n#1 /var/www/apex_soft/src/app/core/Router.php(20): project\\control\\Product->view()\n#2 /var/www/apex_soft/src/index.php(22): project\\core\\Router->action()\n#3 {main}\n  thrown in /var/www/apex_soft/src/app/view/pages/product.php on line 57
[Wed May 08 11:54:47.471736 2024] [php:error] [pid 8424] [client 127.0.0.1:42890] PHP Fatal error:  Uncaught Error: Cannot access private property project\\model\\Product::$imageName in /var/www/apex_soft/src/app/view/pages/product.php:57\nStack trace:\n#0 /var/www/apex_soft/src/app/control/Product.php(24): require_once()\n#1 /var/www/apex_soft/src/app/core/Router.php(20): project\\control\\Product->view()\n#2 /var/www/apex_soft/src/index.php(22): project\\core\\Router->action()\n#3 {main}\n  thrown in /var/www/apex_soft/src/app/view/pages/product.php on line 57
[Wed May 08 11:54:58.361461 2024] [php:error] [pid 17771] [client 127.0.0.1:44236] PHP Fatal error:  Uncaught Error: Cannot access private property project\\model\\Product::$imageName in /var/www/apex_soft/src/app/view/pages/product.php:57\nStack trace:\n#0 /var/www/apex_soft/src/app/control/Product.php(24): require_once()\n#1 /var/www/apex_soft/src/app/core/Router.php(20): project\\control\\Product->view()\n#2 /var/www/apex_soft/src/index.php(22): project\\core\\Router->action()\n#3 {main}\n  thrown in /var/www/apex_soft/src/app/view/pages/product.php on line 57
[Wed May 08 11:55:46.854092 2024] [php:error] [pid 9351] [client 127.0.0.1:45274] PHP Fatal error:  Uncaught Error: Cannot access private property project\\model\\Product::$imageName in /var/www/apex_soft/src/app/view/pages/product.php:57\nStack trace:\n#0 /var/www/apex_soft/src/app/control/Product.php(24): require_once()\n#1 /var/www/apex_soft/src/app/core/Router.php(20): project\\control\\Product->view()\n#2 /var/www/apex_soft/src/index.php(22): project\\core\\Router->action()\n#3 {main}\n  thrown in /var/www/apex_soft/src/app/view/pages/product.php on line 57
[Wed May 08 12:08:08.623467 2024] [php:error] [pid 9003] [client 127.0.0.1:43246] PHP Fatal error:  Uncaught mysqli_sql_exception: Duplicate entry '\xd0\x9d\xd0\xb0\xd0\xb7\xd0\xb2\xd0\xb0\xd0\xbd\xd0\xb8\xd0\xb5 \xd1\x82\xd0\xbe\xd0\xb2\xd0\xb0\xd1\x80\xd0\xb0' for key 'all_products.product_name' in /var/www/apex_soft/src/app/model/Product.php:249\nStack trace:\n#0 /var/www/apex_soft/src/app/model/Product.php(249): mysqli_stmt->execute()\n#1 /var/www/apex_soft/src/app/model/Product.php(51): project\\model\\Product->writeProductData()\n#2 /var/www/apex_soft/src/app/control/Product.php(30): project\\model\\Product->createProduct()\n#3 /var/www/apex_soft/src/app/core/Router.php(20): project\\control\\Product->createProduct()\n#4 /var/www/apex_soft/src/index.php(22): project\\core\\Router->action()\n#5 {main}\n  thrown in /var/www/apex_soft/src/app/model/Product.php on line 249, referer: http://apex_soft/product/view?id=0
[Wed May 08 15:55:27.943950 2024] [php:error] [pid 24234] [client 127.0.0.1:40440] PHP Fatal error:  Uncaught mysqli_sql_exception: Access denied for user 'Visitors'@'172.19.0.1' (using password: YES) in /var/www/apex_soft/src/app/model/Product.php:74\nStack trace:\n#0 /var/www/apex_soft/src/app/model/Product.php(74): mysqli->__construct()\n#1 /var/www/apex_soft/src/app/control/Catalog.php(19): project\\model\\Product->getAllProducts()\n#2 /var/www/apex_soft/src/app/core/Router.php(20): project\\control\\Catalog->view()\n#3 /var/www/apex_soft/src/index.php(22): project\\core\\Router->action()\n#4 {main}\n  thrown in /var/www/apex_soft/src/app/model/Product.php on line 74, referer: http://apex_soft/catalog/view
[Wed May 08 15:55:42.097668 2024] [php:error] [pid 27166] [client 127.0.0.1:40446] PHP Fatal error:  Uncaught mysqli_sql_exception: Access denied for user 'Visitor'@'172.19.0.1' (using password: YES) in /var/www/apex_soft/src/app/model/Product.php:74\nStack trace:\n#0 /var/www/apex_soft/src/app/model/Product.php(74): mysqli->__construct()\n#1 /var/www/apex_soft/src/app/control/Catalog.php(19): project\\model\\Product->getAllProducts()\n#2 /var/www/apex_soft/src/app/core/Router.php(20): project\\control\\Catalog->view()\n#3 /var/www/apex_soft/src/index.php(22): project\\core\\Router->action()\n#4 {main}\n  thrown in /var/www/apex_soft/src/app/model/Product.php on line 74, referer: http://apex_soft/catalog/view
